<?xml version="1.0" encoding="UTF-8"?>
<!-- Generated by org.testng.reporters.JUnitReportReporter -->
<testsuite skipped="0" hostname="m-c02xr0z5jgh7" name="com.qa.tests.OpenGoogle" tests="2" failures="0" timestamp="29 Jun 2019 05:03:54 GMT" time="9.605" errors="0">
  <testcase name="Test1" time="5.455" classname="com.qa.tests.OpenGoogle"/>
  <testcase name="Test2" time="4.150" classname="com.qa.tests.OpenGoogle"/>
</testsuite> <!-- com.qa.tests.OpenGoogle -->
