<?xml version="1.0" encoding="UTF-8"?>
<!-- Generated by org.testng.reporters.JUnitReportReporter -->
<testsuite skipped="0" hostname="m-c02xr0z5jgh7" name="com.qa.tests.DemoTest1" tests="4" failures="0" timestamp="29 Jun 2019 05:03:54 GMT" time="0.011" errors="0">
  <testcase name="sub" time="0.000" classname="com.qa.tests.DemoTest1"/>
  <testcase name="div" time="0.009" classname="com.qa.tests.DemoTest1"/>
  <testcase name="sum" time="0.001" classname="com.qa.tests.DemoTest1"/>
  <testcase name="mul" time="0.001" classname="com.qa.tests.DemoTest1"/>
</testsuite> <!-- com.qa.tests.DemoTest1 -->
