<?xml version="1.0" encoding="UTF-8"?>
<!-- Generated by org.testng.reporters.JUnitReportReporter -->
<testsuite skipped="0" hostname="m-c02xr0z5jgh7" name="com.qa.tests.OpenGoogle" tests="2" failures="0" timestamp="25 Jun 2019 05:21:49 GMT" time="36.078" errors="0">
  <testcase name="Test1" time="6.060" classname="com.qa.tests.OpenGoogle"/>
  <testcase name="Test2" time="30.018" classname="com.qa.tests.OpenGoogle"/>
</testsuite> <!-- com.qa.tests.OpenGoogle -->
