<?xml version="1.0" encoding="UTF-8"?>
<!-- Generated by org.testng.reporters.JUnitReportReporter -->
<testsuite skipped="0" hostname="m-c02xr0z5jgh7" name="com.qa.tests.OpenGoogle" tests="2" failures="0" timestamp="25 Jun 2019 05:23:09 GMT" time="11.621" errors="0">
  <testcase name="Test1" time="5.595" classname="com.qa.tests.OpenGoogle"/>
  <testcase name="Test2" time="6.026" classname="com.qa.tests.OpenGoogle"/>
</testsuite> <!-- com.qa.tests.OpenGoogle -->
