<?xml version="1.0" encoding="UTF-8"?>
<!-- Generated by org.testng.reporters.JUnitReportReporter -->
<testsuite skipped="0" hostname="m-c02xr0z5jgh7" name="com.qa.tests.DemoTest2" tests="4" failures="0" timestamp="25 Jun 2019 05:23:09 GMT" time="0.000" errors="0">
  <testcase name="div" time="0.000" classname="com.qa.tests.DemoTest2"/>
  <testcase name="sum" time="0.000" classname="com.qa.tests.DemoTest2"/>
  <testcase name="mul" time="0.000" classname="com.qa.tests.DemoTest2"/>
  <testcase name="sub" time="0.000" classname="com.qa.tests.DemoTest2"/>
</testsuite> <!-- com.qa.tests.DemoTest2 -->
